<?xml version="1.0" encoding="UTF-8"?>
<testng-results skipped="0" failed="1" ignored="0" total="2" passed="1">
  <reporter-output>
  </reporter-output>
  <suite name="Amazon Test Suite" duration-ms="19029" started-at="2019-08-20T16:39:08Z" finished-at="2019-08-20T16:39:27Z">
    <groups>
    </groups>
    <test name="Amazon Homepage Test" duration-ms="19029" started-at="2019-08-20T16:39:08Z" finished-at="2019-08-20T16:39:27Z">
      <class name="in.amazon.tests.HomepageTests">
        <test-method status="PASS" signature="beforeSuite()[pri:0, instance:in.amazon.tests.HomepageTests@2c9f9fb0]" name="beforeSuite" is-config="true" duration-ms="355" started-at="2019-08-20T16:39:08Z" finished-at="2019-08-20T16:39:08Z">
          <reporter-output>
          </reporter-output>
        </test-method> <!-- beforeSuite -->
        <test-method status="PASS" signature="setup()[pri:0, instance:in.amazon.tests.HomepageTests@2c9f9fb0]" name="setup" is-config="true" duration-ms="10456" started-at="2019-08-20T16:39:08Z" finished-at="2019-08-20T16:39:19Z">
          <reporter-output>
          </reporter-output>
        </test-method> <!-- setup -->
        <test-method status="FAIL" signature="verifyTitleOfThePage()[pri:0, instance:in.amazon.tests.HomepageTests@2c9f9fb0]" name="verifyTitleOfThePage" duration-ms="336" started-at="2019-08-20T16:39:19Z" finished-at="2019-08-20T16:39:19Z">
          <exception class="java.lang.AssertionError">
            <message>
              <![CDATA[expected [Amazon Home Page] but found [Online Shopping site in India: Shop Online for Mobiles, Books, Watches, Shoes and More - Amazon.in]]]>
            </message>
            <full-stacktrace>
              <![CDATA[java.lang.AssertionError: expected [Amazon Home Page] but found [Online Shopping site in India: Shop Online for Mobiles, Books, Watches, Shoes and More - Amazon.in]
at org.testng.Assert.fail(Assert.java:96)
at org.testng.Assert.failNotEquals(Assert.java:776)
at org.testng.Assert.assertEqualsImpl(Assert.java:137)
at org.testng.Assert.assertEquals(Assert.java:118)
at org.testng.Assert.assertEquals(Assert.java:453)
at org.testng.Assert.assertEquals(Assert.java:463)
at in.amazon.tests.HomepageTests.verifyTitleOfThePage(HomepageTests.java:24)
at sun.reflect.NativeMethodAccessorImpl.invoke0(Native Method)
at sun.reflect.NativeMethodAccessorImpl.invoke(NativeMethodAccessorImpl.java:62)
at sun.reflect.DelegatingMethodAccessorImpl.invoke(DelegatingMethodAccessorImpl.java:43)
at java.lang.reflect.Method.invoke(Method.java:498)
at org.testng.internal.MethodInvocationHelper.invokeMethod(MethodInvocationHelper.java:124)
at org.testng.internal.Invoker.invokeMethod(Invoker.java:583)
at org.testng.internal.Invoker.invokeTestMethod(Invoker.java:719)
at org.testng.internal.Invoker.invokeTestMethods(Invoker.java:989)
at org.testng.internal.TestMethodWorker.invokeTestMethods(TestMethodWorker.java:125)
at org.testng.internal.TestMethodWorker.run(TestMethodWorker.java:109)
at org.testng.TestRunner.privateRun(TestRunner.java:648)
at org.testng.TestRunner.run(TestRunner.java:505)
at org.testng.SuiteRunner.runTest(SuiteRunner.java:455)
at org.testng.SuiteRunner.runSequentially(SuiteRunner.java:450)
at org.testng.SuiteRunner.privateRun(SuiteRunner.java:415)
at org.testng.SuiteRunner.run(SuiteRunner.java:364)
at org.testng.SuiteRunnerWorker.runSuite(SuiteRunnerWorker.java:52)
at org.testng.SuiteRunnerWorker.run(SuiteRunnerWorker.java:84)
at org.testng.TestNG.runSuitesSequentially(TestNG.java:1208)
at org.testng.TestNG.runSuitesLocally(TestNG.java:1137)
at org.testng.TestNG.runSuites(TestNG.java:1049)
at org.testng.TestNG.run(TestNG.java:1017)
at org.apache.maven.surefire.testng.TestNGExecutor.run(TestNGExecutor.java:283)
at org.apache.maven.surefire.testng.TestNGXmlTestSuite.execute(TestNGXmlTestSuite.java:75)
at org.apache.maven.surefire.testng.TestNGProvider.invoke(TestNGProvider.java:120)
at org.apache.maven.surefire.booter.ForkedBooter.invokeProviderInSameClassLoader(ForkedBooter.java:384)
at org.apache.maven.surefire.booter.ForkedBooter.runSuitesInProcess(ForkedBooter.java:345)
at org.apache.maven.surefire.booter.ForkedBooter.execute(ForkedBooter.java:126)
at org.apache.maven.surefire.booter.ForkedBooter.main(ForkedBooter.java:418)
]]>
            </full-stacktrace>
          </exception> <!-- java.lang.AssertionError -->
          <reporter-output>
          </reporter-output>
        </test-method> <!-- verifyTitleOfThePage -->
        <test-method status="PASS" signature="afterATestcase(org.testng.ITestResult)[pri:0, instance:in.amazon.tests.HomepageTests@2c9f9fb0]" name="afterATestcase" is-config="true" duration-ms="1968" started-at="2019-08-20T16:39:19Z" finished-at="2019-08-20T16:39:21Z">
          <params>
            <param index="0">
              <value>
                <![CDATA[[TestResult name=verifyTitleOfThePage status=FAILURE method=HomepageTests.verifyTitleOfThePage()[pri:0, instance:in.amazon.tests.HomepageTests@2c9f9fb0] output={null}]]]>
              </value>
            </param>
          </params>
          <reporter-output>
          </reporter-output>
        </test-method> <!-- afterATestcase -->
        <test-method status="PASS" signature="verifyProductSearch()[pri:1000, instance:in.amazon.tests.HomepageTests@2c9f9fb0]" name="verifyProductSearch" duration-ms="5431" started-at="2019-08-20T16:39:21Z" finished-at="2019-08-20T16:39:26Z">
          <reporter-output>
          </reporter-output>
        </test-method> <!-- verifyProductSearch -->
        <test-method status="PASS" signature="afterATestcase(org.testng.ITestResult)[pri:0, instance:in.amazon.tests.HomepageTests@2c9f9fb0]" name="afterATestcase" is-config="true" duration-ms="1" started-at="2019-08-20T16:39:26Z" finished-at="2019-08-20T16:39:26Z">
          <params>
            <param index="0">
              <value>
                <![CDATA[[TestResult name=verifyProductSearch status=SUCCESS method=HomepageTests.verifyProductSearch()[pri:1000, instance:in.amazon.tests.HomepageTests@2c9f9fb0] output={null}]]]>
              </value>
            </param>
          </params>
          <reporter-output>
          </reporter-output>
        </test-method> <!-- afterATestcase -->
        <test-method status="PASS" signature="cleanUp()[pri:0, instance:in.amazon.tests.HomepageTests@2c9f9fb0]" name="cleanUp" is-config="true" duration-ms="782" started-at="2019-08-20T16:39:26Z" finished-at="2019-08-20T16:39:27Z">
          <reporter-output>
          </reporter-output>
        </test-method> <!-- cleanUp -->
        <test-method status="PASS" signature="postCleanup()[pri:0, instance:in.amazon.tests.HomepageTests@2c9f9fb0]" name="postCleanup" is-config="true" duration-ms="753" started-at="2019-08-20T16:39:27Z" finished-at="2019-08-20T16:39:28Z">
          <reporter-output>
          </reporter-output>
        </test-method> <!-- postCleanup -->
      </class> <!-- in.amazon.tests.HomepageTests -->
    </test> <!-- Amazon Homepage Test -->
  </suite> <!-- Amazon Test Suite -->
</testng-results>
