<?xml version="1.0" encoding="UTF-8"?>
<!-- Generated by org.testng.reporters.JUnitXMLReporter -->
<testsuite hostname="DESKTOP-R0QK2O8" ignored="0" name="Amazon Homepage Test" tests="2" failures="1" timestamp="13 Aug 2019 17:00:51 GMT" time="13.867" errors="0">
  <testcase name="@AfterMethod afterATestcase" time="1.935" classname="in.amazon.tests.BaseTest">
    <failure type="java.io.IOException" message="The filename, directory name, or volume label syntax is incorrect">
      <![CDATA[java.io.IOException: The filename, directory name, or volume label syntax is incorrect
at java.io.WinNTFileSystem.canonicalize0(Native Method)
at java.io.WinNTFileSystem.canonicalize(Unknown Source)
at java.io.File.getCanonicalPath(Unknown Source)
at org.apache.commons.io.FileUtils.copyFile(FileUtils.java:1064)
at org.apache.commons.io.FileUtils.copyFile(FileUtils.java:1028)
at org.apache.commons.io.FileUtils.moveFile(FileUtils.java:3008)
at commonLibs.implementations.ScreenshotControl.captureAndSaveScreenshot(ScreenshotControl.java:35)
at in.amazon.tests.BaseTest.afterATestcase(BaseTest.java:67)
... Removed 28 stack frames]]>
    </failure>
  </testcase> <!-- @AfterMethod afterATestcase -->
  <testcase name="@AfterMethod afterATestcase" time="0.0" classname="in.amazon.tests.BaseTest">
    <skipped/>
  </testcase> <!-- @AfterMethod afterATestcase -->
  <testcase name="@AfterClass cleanUp" time="0.0" classname="in.amazon.tests.BaseTest">
    <skipped/>
  </testcase> <!-- @AfterClass cleanUp -->
  <testcase name="verifyTitleOfThePage" time="0.231" classname="in.amazon.tests.HomepageTests">
    <failure type="java.lang.AssertionError" message="expected [Amazon Home Page] but found [Online Shopping site in India: Shop Online for Mobiles, Books, Watches, Shoes and More - Amazon.in]">
      <![CDATA[java.lang.AssertionError: expected [Amazon Home Page] but found [Online Shopping site in India: Shop Online for Mobiles, Books, Watches, Shoes and More - Amazon.in]
at in.amazon.tests.HomepageTests.verifyTitleOfThePage(HomepageTests.java:16)
... Removed 31 stack frames]]>
    </failure>
  </testcase> <!-- verifyTitleOfThePage -->
  <testcase name="verifyProduct" time="0.0" classname="in.amazon.tests.HomepageTests">
    <skipped/>
  </testcase> <!-- verifyProduct -->
</testsuite> <!-- Amazon Homepage Test -->
